# JRE version: OpenJDK Runtime Environment (8.0_152-b01) (build 1.8.0_152-release-1248-b01)
# Java VM: OpenJDK 64-Bit Server VM (25.152-b01 mixed mode windows-amd64 compressed oops)
Heap:
 PSYoungGen      total 458240K, used 411348K [0x00000000e0000000, 0x00000000ffa00000, 0x0000000100000000)
  eden space 400384K, 100% used [0x00000000e0000000,0x00000000f8700000,0x00000000f8700000)
  from space 57856K, 18% used [0x00000000f8700000,0x00000000f91b52d8,0x00000000fbf80000)
  to   space 54784K, 16% used [0x00000000fc480000,0x00000000fcd68060,0x00000000ffa00000)
 ParOldGen       total 408064K, used 135362K [0x00000000a0000000, 0x00000000b8e80000, 0x00000000e0000000)
  object space 408064K, 33% used [0x00000000a0000000,0x00000000a8430848,0x00000000b8e80000)
 Metaspace       used 105033K, capacity 112604K, committed 115376K, reserved 1150976K
  class space    used 13026K, capacity 14356K, committed 14768K, reserved 1048576K
GC Heap History (10 events):
Event: 15661.464 GC heap after
Heap after GC invocations=116 (full 7):
 PSYoungGen      total 400896K, used 0K [0x00000000e0000000, 0x00000000ff800000, 0x0000000100000000)
  eden space 386048K, 0% used [0x00000000e0000000,0x00000000e0000000,0x00000000f7900000)
  from space 14848K, 0% used [0x00000000f7900000,0x00000000f7900000,0x00000000f8780000)
  to   space 64000K, 0% used [0x00000000fb980000,0x00000000fb980000,0x00000000ff800000)
 ParOldGen       total 408064K, used 134363K [0x00000000a0000000, 0x00000000b8e80000, 0x00000000e0000000)
  object space 408064K, 32% used [0x00000000a0000000,0x00000000a8336cc8,0x00000000b8e80000)
 Metaspace       used 104778K, capacity 112256K, committed 115376K, reserved 1150976K
  class space    used 13001K, capacity 14310K, committed 14768K, reserved 1048576K
}
Event: 15661.558 GC heap before
{Heap before GC invocations=117 (full 7):
 PSYoungGen      total 400896K, used 385336K [0x00000000e0000000, 0x00000000ff800000, 0x0000000100000000)
  eden space 386048K, 99% used [0x00000000e0000000,0x00000000f784e308,0x00000000f7900000)
  from space 14848K, 0% used [0x00000000f7900000,0x00000000f7900000,0x00000000f8780000)
  to   space 64000K, 0% used [0x00000000fb980000,0x00000000fb980000,0x00000000ff800000)
 ParOldGen       total 408064K, used 134363K [0x00000000a0000000, 0x00000000b8e80000, 0x00000000e0000000)
  object space 408064K, 32% used [0x00000000a0000000,0x00000000a8336cc8,0x00000000b8e80000)
 Metaspace       used 104778K, capacity 112256K, committed 115376K, reserved 1150976K
  class space    used 13001K, capacity 14310K, committed 14768K, reserved 1048576K
Event: 15661.564 GC heap after
Heap after GC invocations=117 (full 7):
 PSYoungGen      total 453120K, used 64K [0x00000000e0000000, 0x0000000100000000, 0x0000000100000000)
  eden space 389120K, 0% used [0x00000000e0000000,0x00000000e0000000,0x00000000f7c00000)
  from space 64000K, 0% used [0x00000000fb980000,0x00000000fb990000,0x00000000ff800000)
  to   space 62976K, 0% used [0x00000000f7c00000,0x00000000f7c00000,0x00000000fb980000)
 ParOldGen       total 408064K, used 134363K [0x00000000a0000000, 0x00000000b8e80000, 0x00000000e0000000)
  object space 408064K, 32% used [0x00000000a0000000,0x00000000a8336cc8,0x00000000b8e80000)
 Metaspace       used 104778K, capacity 112256K, committed 115376K, reserved 1150976K
  class space    used 13001K, capacity 14310K, committed 14768K, reserved 1048576K
}
Event: 15802.500 GC heap before
{Heap before GC invocations=118 (full 7):
 PSYoungGen      total 453120K, used 389184K [0x00000000e0000000, 0x0000000100000000, 0x0000000100000000)
  eden space 389120K, 100% used [0x00000000e0000000,0x00000000f7c00000,0x00000000f7c00000)
  from space 64000K, 0% used [0x00000000fb980000,0x00000000fb990000,0x00000000ff800000)
  to   space 62976K, 0% used [0x00000000f7c00000,0x00000000f7c00000,0x00000000fb980000)
 ParOldGen       total 408064K, used 134363K [0x00000000a0000000, 0x00000000b8e80000, 0x00000000e0000000)
  object space 408064K, 32% used [0x00000000a0000000,0x00000000a8336cc8,0x00000000b8e80000)
 Metaspace       used 104830K, capacity 112362K, committed 115376K, reserved 1150976K
  class space    used 13005K, capacity 14317K, committed 14768K, reserved 1048576K
Event: 15802.532 GC heap after
Heap after GC invocations=118 (full 7):
 PSYoungGen      total 452096K, used 24142K [0x00000000e0000000, 0x00000000ffb00000, 0x0000000100000000)
  eden space 389120K, 0% used [0x00000000e0000000,0x00000000e0000000,0x00000000f7c00000)
  from space 62976K, 38% used [0x00000000f7c00000,0x00000000f9393940,0x00000000fb980000)
  to   space 60928K, 0% used [0x00000000fbf80000,0x00000000fbf80000,0x00000000ffb00000)
 ParOldGen       total 408064K, used 134371K [0x00000000a0000000, 0x00000000b8e80000, 0x00000000e0000000)
  object space 408064K, 32% used [0x00000000a0000000,0x00000000a8338cc8,0x00000000b8e80000)
 Metaspace       used 104830K, capacity 112362K, committed 115376K, reserved 1150976K
  class space    used 13005K, capacity 14317K, committed 14768K, reserved 1048576K
}
Event: 15805.552 GC heap before
{Heap before GC invocations=119 (full 7):
 PSYoungGen      total 452096K, used 413102K [0x00000000e0000000, 0x00000000ffb00000, 0x0000000100000000)
  eden space 389120K, 99% used [0x00000000e0000000,0x00000000f7bd8148,0x00000000f7c00000)
  from space 62976K, 38% used [0x00000000f7c00000,0x00000000f9393940,0x00000000fb980000)
  to   space 60928K, 0% used [0x00000000fbf80000,0x00000000fbf80000,0x00000000ffb00000)
 ParOldGen       total 408064K, used 134371K [0x00000000a0000000, 0x00000000b8e80000, 0x00000000e0000000)
  object space 408064K, 32% used [0x00000000a0000000,0x00000000a8338cc8,0x00000000b8e80000)
 Metaspace       used 104836K, capacity 112368K, committed 115376K, reserved 1150976K
  class space    used 13005K, capacity 14318K, committed 14768K, reserved 1048576K
Event: 15805.570 GC heap after
Heap after GC invocations=119 (full 7):
 PSYoungGen      total 458240K, used 13255K [0x00000000e0000000, 0x00000000ff800000, 0x0000000100000000)
  eden space 400384K, 0% used [0x00000000e0000000,0x00000000e0000000,0x00000000f8700000)
  from space 57856K, 22% used [0x00000000fbf80000,0x00000000fcc71f30,0x00000000ff800000)
  to   space 57856K, 0% used [0x00000000f8700000,0x00000000f8700000,0x00000000fbf80000)
 ParOldGen       total 408064K, used 134371K [0x00000000a0000000, 0x00000000b8e80000, 0x00000000e0000000)
  object space 408064K, 32% used [0x00000000a0000000,0x00000000a8338cc8,0x00000000b8e80000)
 Metaspace       used 104836K, capacity 112368K, committed 115376K, reserved 1150976K
  class space    used 13005K, capacity 14318K, committed 14768K, reserved 1048576K
}
Event: 15805.641 GC heap before
{Heap before GC invocations=120 (full 7):
 PSYoungGen      total 458240K, used 413639K [0x00000000e0000000, 0x00000000ff800000, 0x0000000100000000)
  eden space 400384K, 100% used [0x00000000e0000000,0x00000000f8700000,0x00000000f8700000)
  from space 57856K, 22% used [0x00000000fbf80000,0x00000000fcc71f30,0x00000000ff800000)
  to   space 57856K, 0% used [0x00000000f8700000,0x00000000f8700000,0x00000000fbf80000)
 ParOldGen       total 408064K, used 134371K [0x00000000a0000000, 0x00000000b8e80000, 0x00000000e0000000)
  object space 408064K, 32% used [0x00000000a0000000,0x00000000a8338cc8,0x00000000b8e80000)
 Metaspace       used 104836K, capacity 112368K, committed 115376K, reserved 1150976K
  class space    used 13005K, capacity 14318K, committed 14768K, reserved 1048576K
Event: 15805.657 GC heap after
Heap after GC invocations=120 (full 7):
 PSYoungGen      total 458240K, used 10964K [0x00000000e0000000, 0x00000000ffa00000, 0x0000000100000000)
  eden space 400384K, 0% used [0x00000000e0000000,0x00000000e0000000,0x00000000f8700000)
  from space 57856K, 18% used [0x00000000f8700000,0x00000000f91b52d8,0x00000000fbf80000)
  to   space 54784K, 0% used [0x00000000fc480000,0x00000000fc480000,0x00000000ffa00000)
 ParOldGen       total 408064K, used 134371K [0x00000000a0000000, 0x00000000b8e80000, 0x00000000e0000000)
  object space 408064K, 32% used [0x00000000a0000000,0x00000000a8338cc8,0x00000000b8e80000)
 Metaspace       used 104836K, capacity 112368K, committed 115376K, reserved 1150976K
  class space    used 13005K, capacity 14318K, committed 14768K, reserved 1048576K
}
Event: 15963.779 GC heap before
{Heap before GC invocations=121 (full 7):
 PSYoungGen      total 458240K, used 411348K [0x00000000e0000000, 0x00000000ffa00000, 0x0000000100000000)
  eden space 400384K, 100% used [0x00000000e0000000,0x00000000f8700000,0x00000000f8700000)
  from space 57856K, 18% used [0x00000000f8700000,0x00000000f91b52d8,0x00000000fbf80000)
  to   space 54784K, 0% used [0x00000000fc480000,0x00000000fc480000,0x00000000ffa00000)
 ParOldGen       total 408064K, used 134371K [0x00000000a0000000, 0x00000000b8e80000, 0x00000000e0000000)
  object space 408064K, 32% used [0x00000000a0000000,0x00000000a8338cc8,0x00000000b8e80000)
 Metaspace       used 105033K, capacity 112604K, committed 115376K, reserved 1150976K
  class space    used 13026K, capacity 14356K, committed 14768K, reserved 1048576K

