# JRE version: OpenJDK Runtime Environment (8.0_152-b01) (build 1.8.0_152-release-1248-b01)
# Java VM: OpenJDK 64-Bit Server VM (25.152-b01 mixed mode windows-amd64 compressed oops)
Heap:
 PSYoungGen      total 419840K, used 122455K [0x00000000e0000000, 0x0000000100000000, 0x0000000100000000)
  eden space 315392K, 5% used [0x00000000e0000000,0x00000000e1197258,0x00000000f3400000)
  from space 104448K, 99% used [0x00000000f3400000,0x00000000f99fea80,0x00000000f9a00000)
  to   space 104448K, 0% used [0x00000000f9a00000,0x00000000f9a00000,0x0000000100000000)
 ParOldGen       total 368128K, used 317909K [0x00000000a0000000, 0x00000000b6780000, 0x00000000e0000000)
  object space 368128K, 86% used [0x00000000a0000000,0x00000000b36755f8,0x00000000b6780000)
 Metaspace       used 118169K, capacity 127184K, committed 127400K, reserved 1161216K
  class space    used 14438K, capacity 16207K, committed 16304K, reserved 1048576K
GC Heap History (10 events):
Event: 15030.003 GC heap before
{Heap before GC invocations=80 (full 5):
 PSYoungGen      total 403968K, used 326147K [0x00000000e0000000, 0x00000000ff580000, 0x0000000100000000)
  eden space 309760K, 99% used [0x00000000e0000000,0x00000000f2d10ce8,0x00000000f2e80000)
  from space 94208K, 18% used [0x00000000f9980000,0x00000000faaf01c0,0x00000000ff580000)
  to   space 101888K, 0% used [0x00000000f2e80000,0x00000000f2e80000,0x00000000f9200000)
 ParOldGen       total 368128K, used 283758K [0x00000000a0000000, 0x00000000b6780000, 0x00000000e0000000)
  object space 368128K, 77% used [0x00000000a0000000,0x00000000b151bb58,0x00000000b6780000)
 Metaspace       used 117401K, capacity 126304K, committed 126504K, reserved 1159168K
  class space    used 14381K, capacity 16104K, committed 16176K, reserved 1048576K
Event: 15030.050 GC heap after
Heap after GC invocations=80 (full 5):
 PSYoungGen      total 411648K, used 22294K [0x00000000e0000000, 0x00000000fff00000, 0x0000000100000000)
  eden space 309760K, 0% used [0x00000000e0000000,0x00000000e0000000,0x00000000f2e80000)
  from space 101888K, 21% used [0x00000000f2e80000,0x00000000f4445810,0x00000000f9200000)
  to   space 97792K, 0% used [0x00000000f9f80000,0x00000000f9f80000,0x00000000fff00000)
 ParOldGen       total 368128K, used 284971K [0x00000000a0000000, 0x00000000b6780000, 0x00000000e0000000)
  object space 368128K, 77% used [0x00000000a0000000,0x00000000b164af70,0x00000000b6780000)
 Metaspace       used 117401K, capacity 126304K, committed 126504K, reserved 1159168K
  class space    used 14381K, capacity 16104K, committed 16176K, reserved 1048576K
}
Event: 15033.896 GC heap before
{Heap before GC invocations=81 (full 5):
 PSYoungGen      total 411648K, used 332054K [0x00000000e0000000, 0x00000000fff00000, 0x0000000100000000)
  eden space 309760K, 100% used [0x00000000e0000000,0x00000000f2e80000,0x00000000f2e80000)
  from space 101888K, 21% used [0x00000000f2e80000,0x00000000f4445810,0x00000000f9200000)
  to   space 97792K, 0% used [0x00000000f9f80000,0x00000000f9f80000,0x00000000fff00000)
 ParOldGen       total 368128K, used 284971K [0x00000000a0000000, 0x00000000b6780000, 0x00000000e0000000)
  object space 368128K, 77% used [0x00000000a0000000,0x00000000b164af70,0x00000000b6780000)
 Metaspace       used 117689K, capacity 126602K, committed 126760K, reserved 1159168K
  class space    used 14402K, capacity 16142K, committed 16176K, reserved 1048576K
Event: 15033.925 GC heap after
Heap after GC invocations=81 (full 5):
 PSYoungGen      total 413184K, used 15952K [0x00000000e0000000, 0x00000000ff600000, 0x0000000100000000)
  eden space 324608K, 0% used [0x00000000e0000000,0x00000000e0000000,0x00000000f3d00000)
  from space 88576K, 18% used [0x00000000f9f80000,0x00000000faf14360,0x00000000ff600000)
  to   space 94720K, 0% used [0x00000000f3d00000,0x00000000f3d00000,0x00000000f9980000)
 ParOldGen       total 368128K, used 285027K [0x00000000a0000000, 0x00000000b6780000, 0x00000000e0000000)
  object space 368128K, 77% used [0x00000000a0000000,0x00000000b1658f70,0x00000000b6780000)
 Metaspace       used 117689K, capacity 126602K, committed 126760K, reserved 1159168K
  class space    used 14402K, capacity 16142K, committed 16176K, reserved 1048576K
}
Event: 15272.879 GC heap before
{Heap before GC invocations=82 (full 5):
 PSYoungGen      total 413184K, used 340560K [0x00000000e0000000, 0x00000000ff600000, 0x0000000100000000)
  eden space 324608K, 100% used [0x00000000e0000000,0x00000000f3d00000,0x00000000f3d00000)
  from space 88576K, 18% used [0x00000000f9f80000,0x00000000faf14360,0x00000000ff600000)
  to   space 94720K, 0% used [0x00000000f3d00000,0x00000000f3d00000,0x00000000f9980000)
 ParOldGen       total 368128K, used 285027K [0x00000000a0000000, 0x00000000b6780000, 0x00000000e0000000)
  object space 368128K, 77% used [0x00000000a0000000,0x00000000b1658f70,0x00000000b6780000)
 Metaspace       used 117895K, capacity 126880K, committed 127016K, reserved 1161216K
  class space    used 14416K, capacity 16167K, committed 16176K, reserved 1048576K
Event: 15273.035 GC heap after
Heap after GC invocations=82 (full 5):
 PSYoungGen      total 419328K, used 30636K [0x00000000e0000000, 0x00000000ffa00000, 0x0000000100000000)
  eden space 324608K, 0% used [0x00000000e0000000,0x00000000e0000000,0x00000000f3d00000)
  from space 94720K, 32% used [0x00000000f3d00000,0x00000000f5aeb2d8,0x00000000f9980000)
  to   space 88576K, 0% used [0x00000000fa380000,0x00000000fa380000,0x00000000ffa00000)
 ParOldGen       total 368128K, used 285435K [0x00000000a0000000, 0x00000000b6780000, 0x00000000e0000000)
  object space 368128K, 77% used [0x00000000a0000000,0x00000000b16bef70,0x00000000b6780000)
 Metaspace       used 117895K, capacity 126880K, committed 127016K, reserved 1161216K
  class space    used 14416K, capacity 16167K, committed 16176K, reserved 1048576K
}
Event: 15285.127 GC heap before
{Heap before GC invocations=83 (full 5):
 PSYoungGen      total 419328K, used 355244K [0x00000000e0000000, 0x00000000ffa00000, 0x0000000100000000)
  eden space 324608K, 100% used [0x00000000e0000000,0x00000000f3d00000,0x00000000f3d00000)
  from space 94720K, 32% used [0x00000000f3d00000,0x00000000f5aeb2d8,0x00000000f9980000)
  to   space 88576K, 0% used [0x00000000fa380000,0x00000000fa380000,0x00000000ffa00000)
 ParOldGen       total 368128K, used 285435K [0x00000000a0000000, 0x00000000b6780000, 0x00000000e0000000)
  object space 368128K, 77% used [0x00000000a0000000,0x00000000b16bef70,0x00000000b6780000)
 Metaspace       used 118164K, capacity 127184K, committed 127400K, reserved 1161216K
  class space    used 14438K, capacity 16207K, committed 16304K, reserved 1048576K
Event: 15285.240 GC heap after
Heap after GC invocations=83 (full 5):
 PSYoungGen      total 403968K, used 88561K [0x00000000e0000000, 0x0000000100000000, 0x0000000100000000)
  eden space 315392K, 0% used [0x00000000e0000000,0x00000000e0000000,0x00000000f3400000)
  from space 88576K, 99% used [0x00000000fa380000,0x00000000ff9fc5c0,0x00000000ffa00000)
  to   space 104448K, 0% used [0x00000000f3400000,0x00000000f3400000,0x00000000f9a00000)
 ParOldGen       total 368128K, used 287010K [0x00000000a0000000, 0x00000000b6780000, 0x00000000e0000000)
  object space 368128K, 77% used [0x00000000a0000000,0x00000000b1848948,0x00000000b6780000)
 Metaspace       used 118164K, capacity 127184K, committed 127400K, reserved 1161216K
  class space    used 14438K, capacity 16207K, committed 16304K, reserved 1048576K
}
Event: 15287.860 GC heap before
{Heap before GC invocations=84 (full 5):
 PSYoungGen      total 403968K, used 403953K [0x00000000e0000000, 0x0000000100000000, 0x0000000100000000)
  eden space 315392K, 100% used [0x00000000e0000000,0x00000000f3400000,0x00000000f3400000)
  from space 88576K, 99% used [0x00000000fa380000,0x00000000ff9fc5c0,0x00000000ffa00000)
  to   space 104448K, 0% used [0x00000000f3400000,0x00000000f3400000,0x00000000f9a00000)
 ParOldGen       total 368128K, used 287010K [0x00000000a0000000, 0x00000000b6780000, 0x00000000e0000000)
  object space 368128K, 77% used [0x00000000a0000000,0x00000000b1848948,0x00000000b6780000)
 Metaspace       used 118167K, capacity 127184K, committed 127400K, reserved 1161216K
  class space    used 14438K, capacity 16207K, committed 16304K, reserved 1048576K
Event: 15288.252 GC heap after
Heap after GC invocations=84 (full 5):
 PSYoungGen      total 419840K, used 104442K [0x00000000e0000000, 0x0000000100000000, 0x0000000100000000)
  eden space 315392K, 0% used [0x00000000e0000000,0x00000000e0000000,0x00000000f3400000)
  from space 104448K, 99% used [0x00000000f3400000,0x00000000f99fea80,0x00000000f9a00000)
  to   space 104448K, 0% used [0x00000000f9a00000,0x00000000f9a00000,0x0000000100000000)
 ParOldGen       total 368128K, used 317909K [0x00000000a0000000, 0x00000000b6780000, 0x00000000e0000000)
  object space 368128K, 86% used [0x00000000a0000000,0x00000000b36755f8,0x00000000b6780000)
 Metaspace       used 118167K, capacity 127184K, committed 127400K, reserved 1161216K
  class space    used 14438K, capacity 16207K, committed 16304K, reserved 1048576K
}

