# JRE version: OpenJDK Runtime Environment (8.0_152-b01) (build 1.8.0_152-release-1248-b01)
# Java VM: OpenJDK 64-Bit Server VM (25.152-b01 mixed mode windows-amd64 compressed oops)
Heap:
 PSYoungGen      total 472064K, used 221597K [0x00000000e0000000, 0x00000000ffb00000, 0x0000000100000000)
  eden space 431104K, 48% used [0x00000000e0000000,0x00000000ecbd34e0,0x00000000fa500000)
  from space 40960K, 31% used [0x00000000fd300000,0x00000000fdf94080,0x00000000ffb00000)
  to   space 44032K, 0% used [0x00000000fa500000,0x00000000fa500000,0x00000000fd000000)
 ParOldGen       total 246272K, used 144493K [0x00000000a0000000, 0x00000000af080000, 0x00000000e0000000)
  object space 246272K, 58% used [0x00000000a0000000,0x00000000a8d1b648,0x00000000af080000)
 Metaspace       used 111504K, capacity 118688K, committed 118912K, reserved 1153024K
  class space    used 13521K, capacity 14892K, committed 14976K, reserved 1048576K
GC Heap History (10 events):
Event: 7364.569 GC heap before
{Heap before GC invocations=54 (full 4):
 PSYoungGen      total 468992K, used 435828K [0x00000000e0000000, 0x00000000ffd80000, 0x0000000100000000)
  eden space 420864K, 100% used [0x00000000e0000000,0x00000000f9b00000,0x00000000f9b00000)
  from space 48128K, 31% used [0x00000000f9b00000,0x00000000fa99d2e0,0x00000000fca00000)
  to   space 46080K, 0% used [0x00000000fd080000,0x00000000fd080000,0x00000000ffd80000)
 ParOldGen       total 246272K, used 143513K [0x00000000a0000000, 0x00000000af080000, 0x00000000e0000000)
  object space 246272K, 58% used [0x00000000a0000000,0x00000000a8c26608,0x00000000af080000)
 Metaspace       used 110932K, capacity 118032K, committed 118272K, reserved 1153024K
  class space    used 13481K, capacity 14840K, committed 14848K, reserved 1048576K
Event: 7364.660 GC heap after
Heap after GC invocations=54 (full 4):
 PSYoungGen      total 465920K, used 42192K [0x00000000e0000000, 0x0000000100000000, 0x0000000100000000)
  eden space 419840K, 0% used [0x00000000e0000000,0x00000000e0000000,0x00000000f9a00000)
  from space 46080K, 91% used [0x00000000fd080000,0x00000000ff9b4138,0x00000000ffd80000)
  to   space 52224K, 0% used [0x00000000f9a00000,0x00000000f9a00000,0x00000000fcd00000)
 ParOldGen       total 246272K, used 143521K [0x00000000a0000000, 0x00000000af080000, 0x00000000e0000000)
  object space 246272K, 58% used [0x00000000a0000000,0x00000000a8c28608,0x00000000af080000)
 Metaspace       used 110932K, capacity 118032K, committed 118272K, reserved 1153024K
  class space    used 13481K, capacity 14840K, committed 14848K, reserved 1048576K
}
Event: 7367.939 GC heap before
{Heap before GC invocations=55 (full 4):
 PSYoungGen      total 465920K, used 462032K [0x00000000e0000000, 0x0000000100000000, 0x0000000100000000)
  eden space 419840K, 100% used [0x00000000e0000000,0x00000000f9a00000,0x00000000f9a00000)
  from space 46080K, 91% used [0x00000000fd080000,0x00000000ff9b4138,0x00000000ffd80000)
  to   space 52224K, 0% used [0x00000000f9a00000,0x00000000f9a00000,0x00000000fcd00000)
 ParOldGen       total 246272K, used 143521K [0x00000000a0000000, 0x00000000af080000, 0x00000000e0000000)
  object space 246272K, 58% used [0x00000000a0000000,0x00000000a8c28608,0x00000000af080000)
 Metaspace       used 111103K, capacity 118170K, committed 118272K, reserved 1153024K
  class space    used 13492K, capacity 14841K, committed 14848K, reserved 1048576K
Event: 7367.967 GC heap after
Heap after GC invocations=55 (full 4):
 PSYoungGen      total 472064K, used 12924K [0x00000000e0000000, 0x0000000100000000, 0x0000000100000000)
  eden space 419840K, 0% used [0x00000000e0000000,0x00000000e0000000,0x00000000f9a00000)
  from space 52224K, 24% used [0x00000000f9a00000,0x00000000fa69f140,0x00000000fcd00000)
  to   space 50176K, 0% used [0x00000000fcf00000,0x00000000fcf00000,0x0000000100000000)
 ParOldGen       total 246272K, used 143529K [0x00000000a0000000, 0x00000000af080000, 0x00000000e0000000)
  object space 246272K, 58% used [0x00000000a0000000,0x00000000a8c2a608,0x00000000af080000)
 Metaspace       used 111103K, capacity 118170K, committed 118272K, reserved 1153024K
  class space    used 13492K, capacity 14841K, committed 14848K, reserved 1048576K
}
Event: 7369.790 GC heap before
{Heap before GC invocations=56 (full 4):
 PSYoungGen      total 472064K, used 431825K [0x00000000e0000000, 0x0000000100000000, 0x0000000100000000)
  eden space 419840K, 99% used [0x00000000e0000000,0x00000000f99153f0,0x00000000f9a00000)
  from space 52224K, 24% used [0x00000000f9a00000,0x00000000fa69f140,0x00000000fcd00000)
  to   space 50176K, 0% used [0x00000000fcf00000,0x00000000fcf00000,0x0000000100000000)
 ParOldGen       total 246272K, used 143529K [0x00000000a0000000, 0x00000000af080000, 0x00000000e0000000)
  object space 246272K, 58% used [0x00000000a0000000,0x00000000a8c2a608,0x00000000af080000)
 Metaspace       used 111140K, capacity 118310K, committed 118528K, reserved 1153024K
  class space    used 13492K, capacity 14841K, committed 14848K, reserved 1048576K
Event: 7369.807 GC heap after
Heap after GC invocations=56 (full 4):
 PSYoungGen      total 463872K, used 19504K [0x00000000e0000000, 0x00000000ff800000, 0x0000000100000000)
  eden space 421888K, 0% used [0x00000000e0000000,0x00000000e0000000,0x00000000f9c00000)
  from space 41984K, 46% used [0x00000000fcf00000,0x00000000fe20c148,0x00000000ff800000)
  to   space 47104K, 0% used [0x00000000f9c00000,0x00000000f9c00000,0x00000000fca00000)
 ParOldGen       total 246272K, used 143529K [0x00000000a0000000, 0x00000000af080000, 0x00000000e0000000)
  object space 246272K, 58% used [0x00000000a0000000,0x00000000a8c2a608,0x00000000af080000)
 Metaspace       used 111140K, capacity 118310K, committed 118528K, reserved 1153024K
  class space    used 13492K, capacity 14841K, committed 14848K, reserved 1048576K
}
Event: 7369.876 GC heap before
{Heap before GC invocations=57 (full 4):
 PSYoungGen      total 463872K, used 441177K [0x00000000e0000000, 0x00000000ff800000, 0x0000000100000000)
  eden space 421888K, 99% used [0x00000000e0000000,0x00000000f9bca3f0,0x00000000f9c00000)
  from space 41984K, 46% used [0x00000000fcf00000,0x00000000fe20c148,0x00000000ff800000)
  to   space 47104K, 0% used [0x00000000f9c00000,0x00000000f9c00000,0x00000000fca00000)
 ParOldGen       total 246272K, used 143529K [0x00000000a0000000, 0x00000000af080000, 0x00000000e0000000)
  object space 246272K, 58% used [0x00000000a0000000,0x00000000a8c2a608,0x00000000af080000)
 Metaspace       used 111140K, capacity 118310K, committed 118528K, reserved 1153024K
  class space    used 13492K, capacity 14841K, committed 14848K, reserved 1048576K
Event: 7369.890 GC heap after
Heap after GC invocations=57 (full 4):
 PSYoungGen      total 468992K, used 11994K [0x00000000e0000000, 0x0000000100000000, 0x0000000100000000)
  eden space 421888K, 0% used [0x00000000e0000000,0x00000000e0000000,0x00000000f9c00000)
  from space 47104K, 25% used [0x00000000f9c00000,0x00000000fa7b6920,0x00000000fca00000)
  to   space 46080K, 0% used [0x00000000fd300000,0x00000000fd300000,0x0000000100000000)
 ParOldGen       total 246272K, used 143529K [0x00000000a0000000, 0x00000000af080000, 0x00000000e0000000)
  object space 246272K, 58% used [0x00000000a0000000,0x00000000a8c2a608,0x00000000af080000)
 Metaspace       used 111140K, capacity 118310K, committed 118528K, reserved 1153024K
  class space    used 13492K, capacity 14841K, committed 14848K, reserved 1048576K
}
Event: 7804.847 GC heap before
{Heap before GC invocations=58 (full 4):
 PSYoungGen      total 468992K, used 433882K [0x00000000e0000000, 0x0000000100000000, 0x0000000100000000)
  eden space 421888K, 100% used [0x00000000e0000000,0x00000000f9c00000,0x00000000f9c00000)
  from space 47104K, 25% used [0x00000000f9c00000,0x00000000fa7b6920,0x00000000fca00000)
  to   space 46080K, 0% used [0x00000000fd300000,0x00000000fd300000,0x0000000100000000)
 ParOldGen       total 246272K, used 143529K [0x00000000a0000000, 0x00000000af080000, 0x00000000e0000000)
  object space 246272K, 58% used [0x00000000a0000000,0x00000000a8c2a608,0x00000000af080000)
 Metaspace       used 111230K, capacity 118372K, committed 118656K, reserved 1153024K
  class space    used 13498K, capacity 14850K, committed 14976K, reserved 1048576K
Event: 7804.868 GC heap after
Heap after GC invocations=58 (full 4):
 PSYoungGen      total 472064K, used 12880K [0x00000000e0000000, 0x00000000ffb00000, 0x0000000100000000)
  eden space 431104K, 0% used [0x00000000e0000000,0x00000000e0000000,0x00000000fa500000)
  from space 40960K, 31% used [0x00000000fd300000,0x00000000fdf94080,0x00000000ffb00000)
  to   space 44032K, 0% used [0x00000000fa500000,0x00000000fa500000,0x00000000fd000000)
 ParOldGen       total 246272K, used 144493K [0x00000000a0000000, 0x00000000af080000, 0x00000000e0000000)
  object space 246272K, 58% used [0x00000000a0000000,0x00000000a8d1b648,0x00000000af080000)
 Metaspace       used 111230K, capacity 118372K, committed 118656K, reserved 1153024K
  class space    used 13498K, capacity 14850K, committed 14976K, reserved 1048576K
}

